{"C:\\Users\\Vinicius Queiroz\\projects\\bolao_raro\\src\\clients\\brasileirao.ts": {"path":"C:\\Users\\Vinicius Queiroz\\projects\\bolao_raro\\src\\clients\\brasileirao.ts","statementMap":{"0":{"start":{"line":1,"column":0},"end":{"line":1,"column":26}},"1":{"start":{"line":2,"column":0},"end":{"line":2,"column":23}},"2":{"start":{"line":10,"column":15},"end":{"line":14,"column":2}},"3":{"start":{"line":20,"column":4},"end":{"line":20,"column":51}},"4":{"start":{"line":24,"column":4},"end":{"line":33,"column":null}},"5":{"start":{"line":25,"column":23},"end":{"line":27,"column":null}},"6":{"start":{"line":30,"column":6},"end":{"line":30,"column":49}},"7":{"start":{"line":32,"column":6},"end":{"line":32,"column":23}},"8":{"start":{"line":37,"column":4},"end":{"line":46,"column":null}},"9":{"start":{"line":38,"column":23},"end":{"line":40,"column":null}},"10":{"start":{"line":43,"column":6},"end":{"line":43,"column":42}},"11":{"start":{"line":45,"column":6},"end":{"line":45,"column":23}},"12":{"start":{"line":53,"column":4},"end":{"line":62,"column":null}},"13":{"start":{"line":54,"column":23},"end":{"line":56,"column":null}},"14":{"start":{"line":59,"column":6},"end":{"line":59,"column":48}},"15":{"start":{"line":61,"column":6},"end":{"line":61,"column":23}},"16":{"start":{"line":16,"column":0},"end":{"line":16,"column":21}}},"fnMap":{"0":{"name":"(anonymous_8)","decl":{"start":{"line":19,"column":2},"end":{"line":19,"column":null}},"loc":{"start":{"line":19,"column":2},"end":{"line":21,"column":3}}},"1":{"name":"(anonymous_9)","decl":{"start":{"line":23,"column":15},"end":{"line":23,"column":27}},"loc":{"start":{"line":23,"column":45},"end":{"line":34,"column":null}}},"2":{"name":"(anonymous_11)","decl":{"start":{"line":36,"column":15},"end":{"line":36,"column":28}},"loc":{"start":{"line":36,"column":46},"end":{"line":47,"column":null}}},"3":{"name":"(anonymous_13)","decl":{"start":{"line":49,"column":15},"end":{"line":49,"column":35}},"loc":{"start":{"line":51,"column":21},"end":{"line":63,"column":null}}}},"branchMap":{"0":{"loc":{"start":{"line":23,"column":43},"end":{"line":23,"column":45}},"type":"default-arg","locations":[{"start":{"line":23,"column":43},"end":{"line":23,"column":45}}]},"1":{"loc":{"start":{"line":36,"column":44},"end":{"line":36,"column":46}},"type":"default-arg","locations":[{"start":{"line":36,"column":44},"end":{"line":36,"column":46}}]},"2":{"loc":{"start":{"line":51,"column":19},"end":{"line":51,"column":21}},"type":"default-arg","locations":[{"start":{"line":51,"column":19},"end":{"line":51,"column":21}}]}},"s":{"0":1,"1":1,"2":1,"3":0,"4":0,"5":0,"6":0,"7":0,"8":0,"9":0,"10":0,"11":0,"12":0,"13":0,"14":0,"15":0,"16":1},"f":{"0":0,"1":0,"2":0,"3":0},"b":{"0":[0],"1":[0],"2":[0]}}
,"C:\\Users\\Vinicius Queiroz\\projects\\bolao_raro\\src\\helpers\\validateEmail.ts": {"path":"C:\\Users\\Vinicius Queiroz\\projects\\bolao_raro\\src\\helpers\\validateEmail.ts","statementMap":{"0":{"start":{"line":3,"column":4},"end":{"line":3,"column":155}},"1":{"start":{"line":4,"column":2},"end":{"line":4,"column":46}},"2":{"start":{"line":1,"column":0},"end":{"line":1,"column":24}}},"fnMap":{"0":{"name":"validateEmail","decl":{"start":{"line":1,"column":24},"end":{"line":1,"column":37}},"loc":{"start":{"line":1,"column":51},"end":{"line":5,"column":1}}}},"branchMap":{},"s":{"0":7,"1":7,"2":1},"f":{"0":7},"b":{}}
,"C:\\Users\\Vinicius Queiroz\\projects\\bolao_raro\\src\\models\\ApostaJogo.ts": {"path":"C:\\Users\\Vinicius Queiroz\\projects\\bolao_raro\\src\\models\\ApostaJogo.ts","statementMap":{"0":{"start":{"line":23,"column":4},"end":{"line":23,"column":27}},"1":{"start":{"line":24,"column":4},"end":{"line":24,"column":21}},"2":{"start":{"line":25,"column":4},"end":{"line":25,"column":37}},"3":{"start":{"line":26,"column":4},"end":{"line":26,"column":39}},"4":{"start":{"line":30,"column":4},"end":{"line":30,"column":21}},"5":{"start":{"line":34,"column":4},"end":{"line":34,"column":29}},"6":{"start":{"line":38,"column":4},"end":{"line":38,"column":30}},"7":{"start":{"line":49,"column":34},"end":{"line":49,"column":61}},"8":{"start":{"line":50,"column":35},"end":{"line":50,"column":63}},"9":{"start":{"line":52,"column":28},"end":{"line":52,"column":71}},"10":{"start":{"line":53,"column":29},"end":{"line":53,"column":74}},"11":{"start":{"line":54,"column":29},"end":{"line":54,"column":64}},"12":{"start":{"line":56,"column":25},"end":{"line":56,"column":65}},"13":{"start":{"line":57,"column":28},"end":{"line":57,"column":76}},"14":{"start":{"line":58,"column":26},"end":{"line":58,"column":57}},"15":{"start":{"line":61,"column":6},"end":{"line":61,"column":61}},"16":{"start":{"line":63,"column":6},"end":{"line":63,"column":72}},"17":{"start":{"line":66,"column":6},"end":{"line":66,"column":72}},"18":{"start":{"line":68,"column":6},"end":{"line":68,"column":74}},"19":{"start":{"line":70,"column":17},"end":{"line":70,"column":18}},"20":{"start":{"line":72,"column":4},"end":{"line":72,"column":37}},"21":{"start":{"line":72,"column":25},"end":{"line":72,"column":37}},"22":{"start":{"line":73,"column":4},"end":{"line":73,"column":38}},"23":{"start":{"line":73,"column":26},"end":{"line":73,"column":38}},"24":{"start":{"line":75,"column":4},"end":{"line":81,"column":18}},"25":{"start":{"line":81,"column":6},"end":{"line":81,"column":18}},"26":{"start":{"line":83,"column":4},"end":{"line":83,"column":25}},"27":{"start":{"line":84,"column":4},"end":{"line":84,"column":23}},"28":{"start":{"line":10,"column":0},"end":{"line":10,"column":21}}},"fnMap":{"0":{"name":"(anonymous_0)","decl":{"start":{"line":17,"column":2},"end":{"line":17,"column":null}},"loc":{"start":{"line":21,"column":25},"end":{"line":27,"column":3}}},"1":{"name":"(anonymous_1)","decl":{"start":{"line":29,"column":9},"end":{"line":29,"column":16}},"loc":{"start":{"line":29,"column":16},"end":{"line":31,"column":3}}},"2":{"name":"(anonymous_2)","decl":{"start":{"line":33,"column":9},"end":{"line":33,"column":24}},"loc":{"start":{"line":33,"column":24},"end":{"line":35,"column":3}}},"3":{"name":"(anonymous_3)","decl":{"start":{"line":37,"column":9},"end":{"line":37,"column":25}},"loc":{"start":{"line":37,"column":25},"end":{"line":39,"column":3}}},"4":{"name":"(anonymous_4)","decl":{"start":{"line":48,"column":9},"end":{"line":48,"column":26}},"loc":{"start":{"line":48,"column":26},"end":{"line":85,"column":3}}}},"branchMap":{"0":{"loc":{"start":{"line":54,"column":29},"end":{"line":54,"column":44}},"type":"binary-expr","locations":[{"start":{"line":54,"column":29},"end":{"line":54,"column":44}},{"start":{"line":54,"column":48},"end":{"line":54,"column":64}}]},"1":{"loc":{"start":{"line":58,"column":26},"end":{"line":58,"column":38}},"type":"binary-expr","locations":[{"start":{"line":58,"column":26},"end":{"line":58,"column":38}},{"start":{"line":58,"column":42},"end":{"line":58,"column":57}}]},"2":{"loc":{"start":{"line":61,"column":6},"end":{"line":61,"column":44}},"type":"binary-expr","locations":[{"start":{"line":61,"column":6},"end":{"line":61,"column":44}},{"start":{"line":61,"column":48},"end":{"line":61,"column":61}}]},"3":{"loc":{"start":{"line":63,"column":6},"end":{"line":63,"column":52}},"type":"binary-expr","locations":[{"start":{"line":63,"column":6},"end":{"line":63,"column":52}},{"start":{"line":63,"column":56},"end":{"line":63,"column":72}}]},"4":{"loc":{"start":{"line":66,"column":6},"end":{"line":66,"column":27}},"type":"binary-expr","locations":[{"start":{"line":66,"column":6},"end":{"line":66,"column":27}},{"start":{"line":66,"column":31},"end":{"line":66,"column":55}},{"start":{"line":66,"column":59},"end":{"line":66,"column":72}}]},"5":{"loc":{"start":{"line":68,"column":6},"end":{"line":68,"column":28}},"type":"binary-expr","locations":[{"start":{"line":68,"column":6},"end":{"line":68,"column":28}},{"start":{"line":68,"column":32},"end":{"line":68,"column":57}},{"start":{"line":68,"column":61},"end":{"line":68,"column":74}}]},"6":{"loc":{"start":{"line":72,"column":4},"end":{"line":72,"column":37}},"type":"if","locations":[{"start":{"line":72,"column":4},"end":{"line":72,"column":37}},{"start":{"line":72,"column":4},"end":{"line":72,"column":37}}]},"7":{"loc":{"start":{"line":73,"column":4},"end":{"line":73,"column":38}},"type":"if","locations":[{"start":{"line":73,"column":4},"end":{"line":73,"column":38}},{"start":{"line":73,"column":4},"end":{"line":73,"column":38}}]},"8":{"loc":{"start":{"line":75,"column":4},"end":{"line":81,"column":18}},"type":"if","locations":[{"start":{"line":75,"column":4},"end":{"line":81,"column":18}},{"start":{"line":75,"column":4},"end":{"line":81,"column":18}}]},"9":{"loc":{"start":{"line":76,"column":6},"end":{"line":76,"column":22}},"type":"binary-expr","locations":[{"start":{"line":76,"column":6},"end":{"line":76,"column":22}},{"start":{"line":77,"column":6},"end":{"line":77,"column":19}},{"start":{"line":78,"column":6},"end":{"line":78,"column":28}},{"start":{"line":79,"column":6},"end":{"line":79,"column":29}}]}},"s":{"0":0,"1":0,"2":0,"3":0,"4":0,"5":0,"6":0,"7":0,"8":0,"9":0,"10":0,"11":0,"12":0,"13":0,"14":0,"15":0,"16":0,"17":0,"18":0,"19":0,"20":0,"21":0,"22":0,"23":0,"24":0,"25":0,"26":0,"27":0,"28":1},"f":{"0":0,"1":0,"2":0,"3":0,"4":0},"b":{"0":[0,0],"1":[0,0],"2":[0,0],"3":[0,0],"4":[0,0,0],"5":[0,0,0],"6":[0,0],"7":[0,0],"8":[0,0],"9":[0,0,0,0]}}
,"C:\\Users\\Vinicius Queiroz\\projects\\bolao_raro\\src\\models\\ApostaRodada.ts": {"path":"C:\\Users\\Vinicius Queiroz\\projects\\bolao_raro\\src\\models\\ApostaRodada.ts","statementMap":{"0":{"start":{"line":15,"column":4},"end":{"line":15,"column":27}},"1":{"start":{"line":16,"column":4},"end":{"line":16,"column":25}},"2":{"start":{"line":17,"column":4},"end":{"line":17,"column":37}},"3":{"start":{"line":26,"column":4},"end":{"line":26,"column":76}},"4":{"start":{"line":26,"column":46},"end":{"line":26,"column":71}},"5":{"start":{"line":30,"column":4},"end":{"line":30,"column":24}},"6":{"start":{"line":34,"column":4},"end":{"line":34,"column":23}},"7":{"start":{"line":38,"column":4},"end":{"line":38,"column":29}},"8":{"start":{"line":5,"column":0},"end":{"line":5,"column":21}}},"fnMap":{"0":{"name":"(anonymous_0)","decl":{"start":{"line":10,"column":2},"end":{"line":10,"column":null}},"loc":{"start":{"line":13,"column":30},"end":{"line":18,"column":3}}},"1":{"name":"(anonymous_1)","decl":{"start":{"line":25,"column":9},"end":{"line":25,"column":26}},"loc":{"start":{"line":25,"column":26},"end":{"line":27,"column":3}}},"2":{"name":"(anonymous_2)","decl":{"start":{"line":26,"column":36},"end":{"line":26,"column":37}},"loc":{"start":{"line":26,"column":46},"end":{"line":26,"column":71}}},"3":{"name":"(anonymous_3)","decl":{"start":{"line":29,"column":9},"end":{"line":29,"column":19}},"loc":{"start":{"line":29,"column":19},"end":{"line":31,"column":3}}},"4":{"name":"(anonymous_4)","decl":{"start":{"line":33,"column":9},"end":{"line":33,"column":18}},"loc":{"start":{"line":33,"column":18},"end":{"line":35,"column":3}}},"5":{"name":"(anonymous_5)","decl":{"start":{"line":37,"column":9},"end":{"line":37,"column":24}},"loc":{"start":{"line":37,"column":24},"end":{"line":39,"column":3}}}},"branchMap":{},"s":{"0":0,"1":0,"2":0,"3":0,"4":0,"5":0,"6":0,"7":0,"8":1},"f":{"0":0,"1":0,"2":0,"3":0,"4":0,"5":0},"b":{}}
,"C:\\Users\\Vinicius Queiroz\\projects\\bolao_raro\\src\\models\\Jogo.ts": {"path":"C:\\Users\\Vinicius Queiroz\\projects\\bolao_raro\\src\\models\\Jogo.ts","statementMap":{"0":{"start":{"line":24,"column":4},"end":{"line":24,"column":32}},"1":{"start":{"line":25,"column":4},"end":{"line":25,"column":29}},"2":{"start":{"line":26,"column":4},"end":{"line":26,"column":31}},"3":{"start":{"line":27,"column":4},"end":{"line":27,"column":29}},"4":{"start":{"line":28,"column":4},"end":{"line":28,"column":37}},"5":{"start":{"line":29,"column":4},"end":{"line":29,"column":39}},"6":{"start":{"line":30,"column":4},"end":{"line":30,"column":25}},"7":{"start":{"line":32,"column":4},"end":{"line":32,"column":39}},"8":{"start":{"line":36,"column":4},"end":{"line":36,"column":25}},"9":{"start":{"line":40,"column":4},"end":{"line":40,"column":26}},"10":{"start":{"line":44,"column":4},"end":{"line":44,"column":19}},"11":{"start":{"line":48,"column":4},"end":{"line":48,"column":29}},"12":{"start":{"line":52,"column":4},"end":{"line":52,"column":30}},"13":{"start":{"line":56,"column":4},"end":{"line":56,"column":25}},"14":{"start":{"line":60,"column":4},"end":{"line":60,"column":22}},"15":{"start":{"line":64,"column":4},"end":{"line":64,"column":23}},"16":{"start":{"line":68,"column":4},"end":{"line":68,"column":37}},"17":{"start":{"line":69,"column":4},"end":{"line":69,"column":39}},"18":{"start":{"line":71,"column":21},"end":{"line":71,"column":44}},"19":{"start":{"line":72,"column":22},"end":{"line":72,"column":46}},"20":{"start":{"line":74,"column":4},"end":{"line":74,"column":78}},"21":{"start":{"line":3,"column":0},"end":{"line":3,"column":21}},"22":{"start":{"line":4,"column":19},"end":{"line":4,"column":38}}},"fnMap":{"0":{"name":"(anonymous_0)","decl":{"start":{"line":16,"column":2},"end":{"line":16,"column":null}},"loc":{"start":{"line":22,"column":18},"end":{"line":33,"column":3}}},"1":{"name":"(anonymous_1)","decl":{"start":{"line":35,"column":9},"end":{"line":35,"column":20}},"loc":{"start":{"line":35,"column":20},"end":{"line":37,"column":3}}},"2":{"name":"(anonymous_2)","decl":{"start":{"line":39,"column":9},"end":{"line":39,"column":21}},"loc":{"start":{"line":39,"column":21},"end":{"line":41,"column":3}}},"3":{"name":"(anonymous_3)","decl":{"start":{"line":43,"column":9},"end":{"line":43,"column":14}},"loc":{"start":{"line":43,"column":14},"end":{"line":45,"column":3}}},"4":{"name":"(anonymous_4)","decl":{"start":{"line":47,"column":9},"end":{"line":47,"column":24}},"loc":{"start":{"line":47,"column":24},"end":{"line":49,"column":3}}},"5":{"name":"(anonymous_5)","decl":{"start":{"line":51,"column":9},"end":{"line":51,"column":25}},"loc":{"start":{"line":51,"column":25},"end":{"line":53,"column":3}}},"6":{"name":"(anonymous_6)","decl":{"start":{"line":55,"column":9},"end":{"line":55,"column":20}},"loc":{"start":{"line":55,"column":20},"end":{"line":57,"column":3}}},"7":{"name":"(anonymous_7)","decl":{"start":{"line":59,"column":9},"end":{"line":59,"column":15}},"loc":{"start":{"line":59,"column":24},"end":{"line":61,"column":3}}},"8":{"name":"(anonymous_8)","decl":{"start":{"line":63,"column":9},"end":{"line":63,"column":18}},"loc":{"start":{"line":63,"column":18},"end":{"line":65,"column":3}}},"9":{"name":"(anonymous_9)","decl":{"start":{"line":67,"column":9},"end":{"line":67,"column":26}},"loc":{"start":{"line":67,"column":70},"end":{"line":75,"column":3}}}},"branchMap":{},"s":{"0":0,"1":0,"2":0,"3":0,"4":0,"5":0,"6":0,"7":0,"8":0,"9":0,"10":0,"11":0,"12":0,"13":0,"14":0,"15":0,"16":0,"17":0,"18":0,"19":0,"20":0,"21":2,"22":2},"f":{"0":0,"1":0,"2":0,"3":0,"4":0,"5":0,"6":0,"7":0,"8":0,"9":0},"b":{}}
,"C:\\Users\\Vinicius Queiroz\\projects\\bolao_raro\\src\\models\\Rodada.ts": {"path":"C:\\Users\\Vinicius Queiroz\\projects\\bolao_raro\\src\\models\\Rodada.ts","statementMap":{"0":{"start":{"line":8,"column":4},"end":{"line":8,"column":37}},"1":{"start":{"line":9,"column":4},"end":{"line":9,"column":29}},"2":{"start":{"line":13,"column":4},"end":{"line":13,"column":39}},"3":{"start":{"line":17,"column":4},"end":{"line":17,"column":22}},"4":{"start":{"line":21,"column":4},"end":{"line":21,"column":62}},"5":{"start":{"line":21,"column":37},"end":{"line":21,"column":60}},"6":{"start":{"line":25,"column":22},"end":{"line":25,"column":71}},"7":{"start":{"line":26,"column":4},"end":{"line":30,"column":26}},"8":{"start":{"line":27,"column":23},"end":{"line":27,"column":40}},"9":{"start":{"line":28,"column":6},"end":{"line":28,"column":43}},"10":{"start":{"line":28,"column":27},"end":{"line":28,"column":43}},"11":{"start":{"line":29,"column":6},"end":{"line":29,"column":17}},"12":{"start":{"line":34,"column":4},"end":{"line":34,"column":29}},"13":{"start":{"line":3,"column":0},"end":{"line":3,"column":21}}},"fnMap":{"0":{"name":"(anonymous_0)","decl":{"start":{"line":7,"column":2},"end":{"line":7,"column":21}},"loc":{"start":{"line":7,"column":57},"end":{"line":10,"column":3}}},"1":{"name":"(anonymous_1)","decl":{"start":{"line":12,"column":9},"end":{"line":12,"column":16}},"loc":{"start":{"line":12,"column":27},"end":{"line":14,"column":3}}},"2":{"name":"(anonymous_2)","decl":{"start":{"line":16,"column":9},"end":{"line":16,"column":17}},"loc":{"start":{"line":16,"column":17},"end":{"line":18,"column":3}}},"3":{"name":"(anonymous_3)","decl":{"start":{"line":20,"column":9},"end":{"line":20,"column":20}},"loc":{"start":{"line":20,"column":35},"end":{"line":22,"column":3}}},"4":{"name":"(anonymous_4)","decl":{"start":{"line":21,"column":27},"end":{"line":21,"column":28}},"loc":{"start":{"line":21,"column":37},"end":{"line":21,"column":60}}},"5":{"name":"(anonymous_5)","decl":{"start":{"line":24,"column":9},"end":{"line":24,"column":31}},"loc":{"start":{"line":24,"column":31},"end":{"line":31,"column":3}}},"6":{"name":"(anonymous_6)","decl":{"start":{"line":26,"column":29},"end":{"line":26,"column":30}},"loc":{"start":{"line":26,"column":42},"end":{"line":30,"column":5}}},"7":{"name":"(anonymous_7)","decl":{"start":{"line":33,"column":2},"end":{"line":33,"column":17}},"loc":{"start":{"line":33,"column":17},"end":{"line":35,"column":3}}}},"branchMap":{"0":{"loc":{"start":{"line":9,"column":17},"end":{"line":9,"column":22}},"type":"binary-expr","locations":[{"start":{"line":9,"column":17},"end":{"line":9,"column":22}},{"start":{"line":9,"column":26},"end":{"line":9,"column":28}}]},"1":{"loc":{"start":{"line":28,"column":6},"end":{"line":28,"column":43}},"type":"if","locations":[{"start":{"line":28,"column":6},"end":{"line":28,"column":43}},{"start":{"line":28,"column":6},"end":{"line":28,"column":43}}]}},"s":{"0":1,"1":1,"2":0,"3":0,"4":0,"5":0,"6":0,"7":0,"8":0,"9":0,"10":0,"11":0,"12":1,"13":1},"f":{"0":1,"1":0,"2":0,"3":0,"4":0,"5":0,"6":0,"7":1},"b":{"0":[1,1],"1":[0,0]}}
,"C:\\Users\\Vinicius Queiroz\\projects\\bolao_raro\\src\\models\\Time.ts": {"path":"C:\\Users\\Vinicius Queiroz\\projects\\bolao_raro\\src\\models\\Time.ts","statementMap":{"0":{"start":{"line":8,"column":4},"end":{"line":8,"column":17}},"1":{"start":{"line":9,"column":4},"end":{"line":9,"column":21}},"2":{"start":{"line":10,"column":4},"end":{"line":10,"column":23}},"3":{"start":{"line":11,"column":4},"end":{"line":11,"column":25}},"4":{"start":{"line":15,"column":4},"end":{"line":15,"column":19}},"5":{"start":{"line":19,"column":4},"end":{"line":19,"column":21}},"6":{"start":{"line":23,"column":4},"end":{"line":23,"column":22}},"7":{"start":{"line":27,"column":4},"end":{"line":27,"column":23}},"8":{"start":{"line":1,"column":0},"end":{"line":1,"column":21}}},"fnMap":{"0":{"name":"(anonymous_0)","decl":{"start":{"line":7,"column":2},"end":{"line":7,"column":21}},"loc":{"start":{"line":7,"column":76},"end":{"line":12,"column":3}}},"1":{"name":"(anonymous_1)","decl":{"start":{"line":14,"column":9},"end":{"line":14,"column":14}},"loc":{"start":{"line":14,"column":14},"end":{"line":16,"column":3}}},"2":{"name":"(anonymous_2)","decl":{"start":{"line":18,"column":9},"end":{"line":18,"column":16}},"loc":{"start":{"line":18,"column":16},"end":{"line":20,"column":3}}},"3":{"name":"(anonymous_3)","decl":{"start":{"line":22,"column":9},"end":{"line":22,"column":17}},"loc":{"start":{"line":22,"column":17},"end":{"line":24,"column":3}}},"4":{"name":"(anonymous_4)","decl":{"start":{"line":26,"column":9},"end":{"line":26,"column":18}},"loc":{"start":{"line":26,"column":18},"end":{"line":28,"column":3}}}},"branchMap":{},"s":{"0":0,"1":0,"2":0,"3":0,"4":0,"5":0,"6":0,"7":0,"8":1},"f":{"0":0,"1":0,"2":0,"3":0,"4":0},"b":{}}
,"C:\\Users\\Vinicius Queiroz\\projects\\bolao_raro\\src\\models\\Usuario.ts": {"path":"C:\\Users\\Vinicius Queiroz\\projects\\bolao_raro\\src\\models\\Usuario.ts","statementMap":{"0":{"start":{"line":2,"column":0},"end":{"line":2,"column":26}},"1":{"start":{"line":3,"column":0},"end":{"line":3,"column":42}},"2":{"start":{"line":4,"column":0},"end":{"line":4,"column":51}},"3":{"start":{"line":14,"column":4},"end":{"line":14,"column":21}},"4":{"start":{"line":15,"column":4},"end":{"line":15,"column":23}},"5":{"start":{"line":16,"column":4},"end":{"line":16,"column":23}},"6":{"start":{"line":17,"column":4},"end":{"line":17,"column":27}},"7":{"start":{"line":21,"column":20},"end":{"line":27,"column":6}},"8":{"start":{"line":22,"column":54},"end":{"line":22,"column":61}},"9":{"start":{"line":23,"column":33},"end":{"line":23,"column":48}},"10":{"start":{"line":24,"column":25},"end":{"line":24,"column":71}},"11":{"start":{"line":24,"column":49},"end":{"line":24,"column":70}},"12":{"start":{"line":26,"column":6},"end":{"line":26,"column":69}},"13":{"start":{"line":29,"column":4},"end":{"line":29,"column":51}},"14":{"start":{"line":33,"column":4},"end":{"line":33,"column":22}},"15":{"start":{"line":37,"column":4},"end":{"line":37,"column":22}},"16":{"start":{"line":41,"column":4},"end":{"line":41,"column":24}},"17":{"start":{"line":45,"column":4},"end":{"line":45,"column":25}},"18":{"start":{"line":7,"column":0},"end":{"line":7,"column":21}}},"fnMap":{"0":{"name":"(anonymous_1)","decl":{"start":{"line":13,"column":2},"end":{"line":13,"column":14}},"loc":{"start":{"line":13,"column":74},"end":{"line":18,"column":3}}},"1":{"name":"(anonymous_2)","decl":{"start":{"line":20,"column":9},"end":{"line":20,"column":15}},"loc":{"start":{"line":20,"column":51},"end":{"line":30,"column":3}}},"2":{"name":"(anonymous_3)","decl":{"start":{"line":21,"column":33},"end":{"line":21,"column":34}},"loc":{"start":{"line":21,"column":45},"end":{"line":27,"column":5}}},"3":{"name":"(anonymous_4)","decl":{"start":{"line":24,"column":41},"end":{"line":24,"column":42}},"loc":{"start":{"line":24,"column":49},"end":{"line":24,"column":70}}},"4":{"name":"(anonymous_5)","decl":{"start":{"line":32,"column":9},"end":{"line":32,"column":17}},"loc":{"start":{"line":32,"column":17},"end":{"line":34,"column":3}}},"5":{"name":"(anonymous_6)","decl":{"start":{"line":36,"column":9},"end":{"line":36,"column":17}},"loc":{"start":{"line":36,"column":17},"end":{"line":38,"column":3}}},"6":{"name":"(anonymous_7)","decl":{"start":{"line":40,"column":9},"end":{"line":40,"column":19}},"loc":{"start":{"line":40,"column":19},"end":{"line":42,"column":3}}},"7":{"name":"(anonymous_8)","decl":{"start":{"line":44,"column":9},"end":{"line":44,"column":19}},"loc":{"start":{"line":44,"column":34},"end":{"line":46,"column":3}}}},"branchMap":{},"s":{"0":1,"1":1,"2":1,"3":4,"4":4,"5":4,"6":4,"7":0,"8":0,"9":0,"10":0,"11":0,"12":0,"13":0,"14":0,"15":3,"16":1,"17":1,"18":1},"f":{"0":4,"1":0,"2":0,"3":0,"4":0,"5":3,"6":1,"7":1},"b":{}}
,"C:\\Users\\Vinicius Queiroz\\projects\\bolao_raro\\src\\repositories\\JSONRodadasRepository.ts": {"path":"C:\\Users\\Vinicius Queiroz\\projects\\bolao_raro\\src\\repositories\\JSONRodadasRepository.ts","statementMap":{"0":{"start":{"line":1,"column":0},"end":{"line":1,"column":38}},"1":{"start":{"line":4,"column":0},"end":{"line":4,"column":20}},"2":{"start":{"line":5,"column":32},"end":{"line":5,"column":43}},"3":{"start":{"line":7,"column":26},"end":{"line":7,"column":48}},"4":{"start":{"line":23,"column":4},"end":{"line":23,"column":62}},"5":{"start":{"line":25,"column":4},"end":{"line":25,"column":54}},"6":{"start":{"line":26,"column":4},"end":{"line":26,"column":45}},"7":{"start":{"line":28,"column":4},"end":{"line":30,"column":28}},"8":{"start":{"line":34,"column":4},"end":{"line":52,"column":null}},"9":{"start":{"line":35,"column":26},"end":{"line":37,"column":8}},"10":{"start":{"line":39,"column":31},"end":{"line":39,"column":70}},"11":{"start":{"line":41,"column":6},"end":{"line":43,"column":8}},"12":{"start":{"line":42,"column":37},"end":{"line":42,"column":68}},"13":{"start":{"line":45,"column":6},"end":{"line":51,"column":null}},"14":{"start":{"line":46,"column":8},"end":{"line":48,"column":10}},"15":{"start":{"line":50,"column":8},"end":{"line":50,"column":20}},"16":{"start":{"line":58,"column":4},"end":{"line":74,"column":null}},"17":{"start":{"line":59,"column":22},"end":{"line":59,"column":42}},"18":{"start":{"line":61,"column":21},"end":{"line":62,"column":null}},"19":{"start":{"line":62,"column":20},"end":{"line":62,"column":61}},"20":{"start":{"line":65,"column":6},"end":{"line":65,"column":56}},"21":{"start":{"line":65,"column":19},"end":{"line":65,"column":56}},"22":{"start":{"line":67,"column":6},"end":{"line":67,"column":20}},"23":{"start":{"line":69,"column":6},"end":{"line":73,"column":null}},"24":{"start":{"line":70,"column":8},"end":{"line":70,"column":79}},"25":{"start":{"line":72,"column":8},"end":{"line":72,"column":20}},"26":{"start":{"line":80,"column":4},"end":{"line":88,"column":null}},"27":{"start":{"line":81,"column":6},"end":{"line":81,"column":69}},"28":{"start":{"line":83,"column":6},"end":{"line":87,"column":null}},"29":{"start":{"line":84,"column":8},"end":{"line":84,"column":80}},"30":{"start":{"line":86,"column":8},"end":{"line":86,"column":20}},"31":{"start":{"line":18,"column":0},"end":{"line":18,"column":21}}},"fnMap":{"0":{"name":"(anonymous_8)","decl":{"start":{"line":22,"column":2},"end":{"line":22,"column":14}},"loc":{"start":{"line":22,"column":36},"end":{"line":31,"column":3}}},"1":{"name":"(anonymous_9)","decl":{"start":{"line":33,"column":15},"end":{"line":33,"column":22}},"loc":{"start":{"line":33,"column":22},"end":{"line":53,"column":null}}},"2":{"name":"(anonymous_11)","decl":{"start":{"line":42,"column":8},"end":{"line":42,"column":9}},"loc":{"start":{"line":42,"column":37},"end":{"line":42,"column":68}}},"3":{"name":"(anonymous_12)","decl":{"start":{"line":57,"column":15},"end":{"line":57,"column":33}},"loc":{"start":{"line":57,"column":54},"end":{"line":75,"column":null}}},"4":{"name":"(anonymous_14)","decl":{"start":{"line":62,"column":8},"end":{"line":62,"column":9}},"loc":{"start":{"line":62,"column":20},"end":{"line":62,"column":61}}},"5":{"name":"(anonymous_15)","decl":{"start":{"line":79,"column":15},"end":{"line":79,"column":19}},"loc":{"start":{"line":79,"column":37},"end":{"line":89,"column":null}}}},"branchMap":{"0":{"loc":{"start":{"line":23,"column":27},"end":{"line":23,"column":40}},"type":"binary-expr","locations":[{"start":{"line":23,"column":27},"end":{"line":23,"column":40}},{"start":{"line":23,"column":44},"end":{"line":23,"column":61}}]},"1":{"loc":{"start":{"line":45,"column":6},"end":{"line":51,"column":null}},"type":"if","locations":[{"start":{"line":45,"column":6},"end":{"line":51,"column":null}},{"start":{"line":45,"column":6},"end":{"line":51,"column":null}}]},"2":{"loc":{"start":{"line":65,"column":6},"end":{"line":65,"column":56}},"type":"if","locations":[{"start":{"line":65,"column":6},"end":{"line":65,"column":56}},{"start":{"line":65,"column":6},"end":{"line":65,"column":56}}]},"3":{"loc":{"start":{"line":69,"column":6},"end":{"line":73,"column":null}},"type":"if","locations":[{"start":{"line":69,"column":6},"end":{"line":73,"column":null}},{"start":{"line":69,"column":6},"end":{"line":73,"column":null}}]},"4":{"loc":{"start":{"line":83,"column":6},"end":{"line":87,"column":null}},"type":"if","locations":[{"start":{"line":83,"column":6},"end":{"line":87,"column":null}},{"start":{"line":83,"column":6},"end":{"line":87,"column":null}}]}},"s":{"0":1,"1":1,"2":1,"3":1,"4":1,"5":1,"6":1,"7":1,"8":0,"9":0,"10":0,"11":0,"12":0,"13":0,"14":0,"15":0,"16":0,"17":0,"18":0,"19":0,"20":0,"21":0,"22":0,"23":0,"24":0,"25":0,"26":0,"27":0,"28":0,"29":0,"30":0,"31":1},"f":{"0":1,"1":0,"2":0,"3":0,"4":0,"5":0},"b":{"0":[1,1],"1":[0,0],"2":[0,0],"3":[0,0],"4":[0,0]}}
,"C:\\Users\\Vinicius Queiroz\\projects\\bolao_raro\\src\\repositories\\JSONTimesRepository.ts": {"path":"C:\\Users\\Vinicius Queiroz\\projects\\bolao_raro\\src\\repositories\\JSONTimesRepository.ts","statementMap":{"0":{"start":{"line":1,"column":0},"end":{"line":1,"column":34}},"1":{"start":{"line":3,"column":0},"end":{"line":3,"column":25}},"2":{"start":{"line":4,"column":32},"end":{"line":4,"column":43}},"3":{"start":{"line":6,"column":24},"end":{"line":6,"column":44}},"4":{"start":{"line":25,"column":4},"end":{"line":25,"column":56}},"5":{"start":{"line":27,"column":4},"end":{"line":27,"column":57}},"6":{"start":{"line":28,"column":4},"end":{"line":28,"column":54}},"7":{"start":{"line":29,"column":4},"end":{"line":29,"column":51}},"8":{"start":{"line":30,"column":4},"end":{"line":30,"column":45}},"9":{"start":{"line":36,"column":4},"end":{"line":50,"column":null}},"10":{"start":{"line":37,"column":26},"end":{"line":37,"column":60}},"11":{"start":{"line":39,"column":29},"end":{"line":39,"column":77}},"12":{"start":{"line":41,"column":6},"end":{"line":43,"column":8}},"13":{"start":{"line":42,"column":41},"end":{"line":42,"column":74}},"14":{"start":{"line":45,"column":6},"end":{"line":49,"column":null}},"15":{"start":{"line":46,"column":8},"end":{"line":46,"column":79}},"16":{"start":{"line":48,"column":8},"end":{"line":48,"column":20}},"17":{"start":{"line":56,"column":4},"end":{"line":70,"column":null}},"18":{"start":{"line":57,"column":20},"end":{"line":57,"column":40}},"19":{"start":{"line":59,"column":19},"end":{"line":59,"column":60}},"20":{"start":{"line":59,"column":40},"end":{"line":59,"column":59}},"21":{"start":{"line":61,"column":6},"end":{"line":61,"column":52}},"22":{"start":{"line":61,"column":17},"end":{"line":61,"column":52}},"23":{"start":{"line":63,"column":6},"end":{"line":63,"column":18}},"24":{"start":{"line":65,"column":6},"end":{"line":69,"column":null}},"25":{"start":{"line":66,"column":8},"end":{"line":66,"column":77}},"26":{"start":{"line":68,"column":8},"end":{"line":68,"column":20}},"27":{"start":{"line":76,"column":4},"end":{"line":95,"column":null}},"28":{"start":{"line":77,"column":20},"end":{"line":77,"column":40}},"29":{"start":{"line":78,"column":24},"end":{"line":78,"column":74}},"30":{"start":{"line":78,"column":47},"end":{"line":78,"column":73}},"31":{"start":{"line":80,"column":6},"end":{"line":80,"column":60}},"32":{"start":{"line":80,"column":25},"end":{"line":80,"column":60}},"33":{"start":{"line":82,"column":6},"end":{"line":82,"column":30}},"34":{"start":{"line":84,"column":6},"end":{"line":84,"column":29}},"35":{"start":{"line":86,"column":6},"end":{"line":86,"column":49}},"36":{"start":{"line":88,"column":6},"end":{"line":94,"column":null}},"37":{"start":{"line":89,"column":8},"end":{"line":91,"column":10}},"38":{"start":{"line":93,"column":8},"end":{"line":93,"column":20}},"39":{"start":{"line":101,"column":4},"end":{"line":113,"column":null}},"40":{"start":{"line":102,"column":19},"end":{"line":102,"column":40}},"41":{"start":{"line":104,"column":6},"end":{"line":104,"column":48}},"42":{"start":{"line":106,"column":6},"end":{"line":106,"column":46}},"43":{"start":{"line":108,"column":6},"end":{"line":112,"column":null}},"44":{"start":{"line":109,"column":8},"end":{"line":109,"column":78}},"45":{"start":{"line":111,"column":8},"end":{"line":111,"column":20}},"46":{"start":{"line":21,"column":0},"end":{"line":21,"column":21}}},"fnMap":{"0":{"name":"(anonymous_14)","decl":{"start":{"line":24,"column":2},"end":{"line":24,"column":14}},"loc":{"start":{"line":24,"column":34},"end":{"line":31,"column":3}}},"1":{"name":"(anonymous_15)","decl":{"start":{"line":35,"column":15},"end":{"line":35,"column":22}},"loc":{"start":{"line":35,"column":22},"end":{"line":51,"column":null}}},"2":{"name":"(anonymous_17)","decl":{"start":{"line":42,"column":8},"end":{"line":42,"column":9}},"loc":{"start":{"line":42,"column":41},"end":{"line":42,"column":74}}},"3":{"name":"(anonymous_18)","decl":{"start":{"line":55,"column":15},"end":{"line":55,"column":23}},"loc":{"start":{"line":55,"column":34},"end":{"line":71,"column":null}}},"4":{"name":"(anonymous_20)","decl":{"start":{"line":59,"column":30},"end":{"line":59,"column":31}},"loc":{"start":{"line":59,"column":40},"end":{"line":59,"column":59}}},"5":{"name":"(anonymous_21)","decl":{"start":{"line":75,"column":15},"end":{"line":75,"column":21}},"loc":{"start":{"line":75,"column":32},"end":{"line":96,"column":null}}},"6":{"name":"(anonymous_23)","decl":{"start":{"line":78,"column":40},"end":{"line":78,"column":41}},"loc":{"start":{"line":78,"column":47},"end":{"line":78,"column":73}}},"7":{"name":"(anonymous_24)","decl":{"start":{"line":100,"column":15},"end":{"line":100,"column":19}},"loc":{"start":{"line":100,"column":33},"end":{"line":114,"column":null}}}},"branchMap":{"0":{"loc":{"start":{"line":25,"column":25},"end":{"line":25,"column":36}},"type":"binary-expr","locations":[{"start":{"line":25,"column":25},"end":{"line":25,"column":36}},{"start":{"line":25,"column":40},"end":{"line":25,"column":55}}]},"1":{"loc":{"start":{"line":45,"column":6},"end":{"line":49,"column":null}},"type":"if","locations":[{"start":{"line":45,"column":6},"end":{"line":49,"column":null}},{"start":{"line":45,"column":6},"end":{"line":49,"column":null}}]},"2":{"loc":{"start":{"line":61,"column":6},"end":{"line":61,"column":52}},"type":"if","locations":[{"start":{"line":61,"column":6},"end":{"line":61,"column":52}},{"start":{"line":61,"column":6},"end":{"line":61,"column":52}}]},"3":{"loc":{"start":{"line":65,"column":6},"end":{"line":69,"column":null}},"type":"if","locations":[{"start":{"line":65,"column":6},"end":{"line":69,"column":null}},{"start":{"line":65,"column":6},"end":{"line":69,"column":null}}]},"4":{"loc":{"start":{"line":80,"column":6},"end":{"line":80,"column":60}},"type":"if","locations":[{"start":{"line":80,"column":6},"end":{"line":80,"column":60}},{"start":{"line":80,"column":6},"end":{"line":80,"column":60}}]},"5":{"loc":{"start":{"line":88,"column":6},"end":{"line":94,"column":null}},"type":"if","locations":[{"start":{"line":88,"column":6},"end":{"line":94,"column":null}},{"start":{"line":88,"column":6},"end":{"line":94,"column":null}}]},"6":{"loc":{"start":{"line":108,"column":6},"end":{"line":112,"column":null}},"type":"if","locations":[{"start":{"line":108,"column":6},"end":{"line":112,"column":null}},{"start":{"line":108,"column":6},"end":{"line":112,"column":null}}]}},"s":{"0":1,"1":1,"2":1,"3":1,"4":0,"5":0,"6":0,"7":0,"8":0,"9":0,"10":0,"11":0,"12":0,"13":0,"14":0,"15":0,"16":0,"17":0,"18":0,"19":0,"20":0,"21":0,"22":0,"23":0,"24":0,"25":0,"26":0,"27":0,"28":0,"29":0,"30":0,"31":0,"32":0,"33":0,"34":0,"35":0,"36":0,"37":0,"38":0,"39":0,"40":0,"41":0,"42":0,"43":0,"44":0,"45":0,"46":1},"f":{"0":0,"1":0,"2":0,"3":0,"4":0,"5":0,"6":0,"7":0},"b":{"0":[0,0],"1":[0,0],"2":[0,0],"3":[0,0],"4":[0,0],"5":[0,0],"6":[0,0]}}
,"C:\\Users\\Vinicius Queiroz\\projects\\bolao_raro\\src\\repositories\\JSONUsuariosRepository.ts": {"path":"C:\\Users\\Vinicius Queiroz\\projects\\bolao_raro\\src\\repositories\\JSONUsuariosRepository.ts","statementMap":{"0":{"start":{"line":1,"column":0},"end":{"line":1,"column":40}},"1":{"start":{"line":3,"column":0},"end":{"line":3,"column":20}},"2":{"start":{"line":4,"column":32},"end":{"line":4,"column":43}},"3":{"start":{"line":6,"column":27},"end":{"line":6,"column":50}},"4":{"start":{"line":26,"column":4},"end":{"line":26,"column":65}},"5":{"start":{"line":28,"column":4},"end":{"line":28,"column":66}},"6":{"start":{"line":29,"column":4},"end":{"line":29,"column":54}},"7":{"start":{"line":30,"column":4},"end":{"line":30,"column":51}},"8":{"start":{"line":31,"column":4},"end":{"line":31,"column":51}},"9":{"start":{"line":32,"column":4},"end":{"line":32,"column":45}},"10":{"start":{"line":38,"column":4},"end":{"line":57,"column":null}},"11":{"start":{"line":39,"column":26},"end":{"line":41,"column":8}},"12":{"start":{"line":43,"column":32},"end":{"line":43,"column":72}},"13":{"start":{"line":45,"column":6},"end":{"line":48,"column":8}},"14":{"start":{"line":47,"column":10},"end":{"line":47,"column":50}},"15":{"start":{"line":50,"column":6},"end":{"line":56,"column":null}},"16":{"start":{"line":51,"column":8},"end":{"line":53,"column":10}},"17":{"start":{"line":55,"column":8},"end":{"line":55,"column":20}},"18":{"start":{"line":63,"column":4},"end":{"line":75,"column":null}},"19":{"start":{"line":64,"column":23},"end":{"line":64,"column":43}},"20":{"start":{"line":66,"column":22},"end":{"line":66,"column":66}},"21":{"start":{"line":66,"column":43},"end":{"line":66,"column":65}},"22":{"start":{"line":68,"column":6},"end":{"line":68,"column":21}},"23":{"start":{"line":70,"column":6},"end":{"line":74,"column":null}},"24":{"start":{"line":71,"column":8},"end":{"line":71,"column":80}},"25":{"start":{"line":73,"column":8},"end":{"line":73,"column":20}},"26":{"start":{"line":81,"column":4},"end":{"line":100,"column":null}},"27":{"start":{"line":82,"column":23},"end":{"line":82,"column":43}},"28":{"start":{"line":84,"column":26},"end":{"line":84,"column":72}},"29":{"start":{"line":84,"column":49},"end":{"line":84,"column":71}},"30":{"start":{"line":86,"column":6},"end":{"line":87,"column":46}},"31":{"start":{"line":87,"column":8},"end":{"line":87,"column":46}},"32":{"start":{"line":89,"column":19},"end":{"line":89,"column":46}},"33":{"start":{"line":91,"column":6},"end":{"line":91,"column":51}},"34":{"start":{"line":93,"column":6},"end":{"line":93,"column":42}},"35":{"start":{"line":95,"column":6},"end":{"line":99,"column":null}},"36":{"start":{"line":96,"column":8},"end":{"line":96,"column":78}},"37":{"start":{"line":98,"column":8},"end":{"line":98,"column":20}},"38":{"start":{"line":106,"column":4},"end":{"line":130,"column":null}},"39":{"start":{"line":107,"column":23},"end":{"line":107,"column":43}},"40":{"start":{"line":109,"column":27},"end":{"line":110,"column":null}},"41":{"start":{"line":110,"column":15},"end":{"line":110,"column":50}},"42":{"start":{"line":113,"column":6},"end":{"line":113,"column":66}},"43":{"start":{"line":113,"column":28},"end":{"line":113,"column":66}},"44":{"start":{"line":115,"column":6},"end":{"line":115,"column":39}},"45":{"start":{"line":117,"column":19},"end":{"line":117,"column":43}},"46":{"start":{"line":119,"column":6},"end":{"line":119,"column":51}},"47":{"start":{"line":121,"column":6},"end":{"line":121,"column":52}},"48":{"start":{"line":123,"column":6},"end":{"line":129,"column":null}},"49":{"start":{"line":124,"column":8},"end":{"line":126,"column":10}},"50":{"start":{"line":128,"column":8},"end":{"line":128,"column":20}},"51":{"start":{"line":136,"column":4},"end":{"line":150,"column":null}},"52":{"start":{"line":137,"column":23},"end":{"line":137,"column":43}},"53":{"start":{"line":139,"column":19},"end":{"line":139,"column":57}},"54":{"start":{"line":141,"column":6},"end":{"line":141,"column":51}},"55":{"start":{"line":143,"column":6},"end":{"line":143,"column":48}},"56":{"start":{"line":145,"column":6},"end":{"line":149,"column":null}},"57":{"start":{"line":146,"column":8},"end":{"line":146,"column":80}},"58":{"start":{"line":148,"column":8},"end":{"line":148,"column":20}},"59":{"start":{"line":22,"column":0},"end":{"line":22,"column":21}}},"fnMap":{"0":{"name":"(anonymous_8)","decl":{"start":{"line":25,"column":2},"end":{"line":25,"column":14}},"loc":{"start":{"line":25,"column":37},"end":{"line":33,"column":3}}},"1":{"name":"(anonymous_9)","decl":{"start":{"line":37,"column":15},"end":{"line":37,"column":22}},"loc":{"start":{"line":37,"column":22},"end":{"line":58,"column":null}}},"2":{"name":"(anonymous_11)","decl":{"start":{"line":46,"column":8},"end":{"line":46,"column":9}},"loc":{"start":{"line":47,"column":10},"end":{"line":47,"column":50}}},"3":{"name":"(anonymous_12)","decl":{"start":{"line":62,"column":15},"end":{"line":62,"column":26}},"loc":{"start":{"line":62,"column":40},"end":{"line":76,"column":null}}},"4":{"name":"(anonymous_14)","decl":{"start":{"line":66,"column":36},"end":{"line":66,"column":37}},"loc":{"start":{"line":66,"column":43},"end":{"line":66,"column":65}}},"5":{"name":"(anonymous_15)","decl":{"start":{"line":80,"column":15},"end":{"line":80,"column":21}},"loc":{"start":{"line":80,"column":35},"end":{"line":101,"column":null}}},"6":{"name":"(anonymous_17)","decl":{"start":{"line":84,"column":42},"end":{"line":84,"column":43}},"loc":{"start":{"line":84,"column":49},"end":{"line":84,"column":71}}},"7":{"name":"(anonymous_18)","decl":{"start":{"line":105,"column":15},"end":{"line":105,"column":21}},"loc":{"start":{"line":105,"column":38},"end":{"line":131,"column":null}}},"8":{"name":"(anonymous_20)","decl":{"start":{"line":110,"column":8},"end":{"line":110,"column":9}},"loc":{"start":{"line":110,"column":15},"end":{"line":110,"column":50}}},"9":{"name":"(anonymous_21)","decl":{"start":{"line":135,"column":15},"end":{"line":135,"column":19}},"loc":{"start":{"line":135,"column":36},"end":{"line":151,"column":null}}}},"branchMap":{"0":{"loc":{"start":{"line":26,"column":28},"end":{"line":26,"column":42}},"type":"binary-expr","locations":[{"start":{"line":26,"column":28},"end":{"line":26,"column":42}},{"start":{"line":26,"column":46},"end":{"line":26,"column":64}}]},"1":{"loc":{"start":{"line":50,"column":6},"end":{"line":56,"column":null}},"type":"if","locations":[{"start":{"line":50,"column":6},"end":{"line":56,"column":null}},{"start":{"line":50,"column":6},"end":{"line":56,"column":null}}]},"2":{"loc":{"start":{"line":70,"column":6},"end":{"line":74,"column":null}},"type":"if","locations":[{"start":{"line":70,"column":6},"end":{"line":74,"column":null}},{"start":{"line":70,"column":6},"end":{"line":74,"column":null}}]},"3":{"loc":{"start":{"line":86,"column":6},"end":{"line":87,"column":46}},"type":"if","locations":[{"start":{"line":86,"column":6},"end":{"line":87,"column":46}},{"start":{"line":86,"column":6},"end":{"line":87,"column":46}}]},"4":{"loc":{"start":{"line":95,"column":6},"end":{"line":99,"column":null}},"type":"if","locations":[{"start":{"line":95,"column":6},"end":{"line":99,"column":null}},{"start":{"line":95,"column":6},"end":{"line":99,"column":null}}]},"5":{"loc":{"start":{"line":113,"column":6},"end":{"line":113,"column":66}},"type":"if","locations":[{"start":{"line":113,"column":6},"end":{"line":113,"column":66}},{"start":{"line":113,"column":6},"end":{"line":113,"column":66}}]},"6":{"loc":{"start":{"line":123,"column":6},"end":{"line":129,"column":null}},"type":"if","locations":[{"start":{"line":123,"column":6},"end":{"line":129,"column":null}},{"start":{"line":123,"column":6},"end":{"line":129,"column":null}}]},"7":{"loc":{"start":{"line":145,"column":6},"end":{"line":149,"column":null}},"type":"if","locations":[{"start":{"line":145,"column":6},"end":{"line":149,"column":null}},{"start":{"line":145,"column":6},"end":{"line":149,"column":null}}]}},"s":{"0":1,"1":1,"2":1,"3":1,"4":6,"5":6,"6":6,"7":6,"8":6,"9":6,"10":0,"11":0,"12":0,"13":0,"14":0,"15":0,"16":0,"17":0,"18":0,"19":0,"20":0,"21":0,"22":0,"23":0,"24":0,"25":0,"26":0,"27":0,"28":0,"29":0,"30":0,"31":0,"32":0,"33":0,"34":0,"35":0,"36":0,"37":0,"38":0,"39":0,"40":0,"41":0,"42":0,"43":0,"44":0,"45":0,"46":0,"47":0,"48":0,"49":0,"50":0,"51":0,"52":0,"53":0,"54":0,"55":0,"56":0,"57":0,"58":0,"59":1},"f":{"0":6,"1":0,"2":0,"3":0,"4":0,"5":0,"6":0,"7":0,"8":0,"9":0},"b":{"0":[6,6],"1":[0,0],"2":[0,0],"3":[0,0],"4":[0,0],"5":[0,0],"6":[0,0],"7":[0,0]}}
,"C:\\Users\\Vinicius Queiroz\\projects\\bolao_raro\\src\\services\\brasileirao.ts": {"path":"C:\\Users\\Vinicius Queiroz\\projects\\bolao_raro\\src\\services\\brasileirao.ts","statementMap":{"0":{"start":{"line":1,"column":0},"end":{"line":1,"column":34}},"1":{"start":{"line":2,"column":0},"end":{"line":2,"column":34}},"2":{"start":{"line":3,"column":0},"end":{"line":3,"column":38}},"3":{"start":{"line":5,"column":0},"end":{"line":5,"column":52}},"4":{"start":{"line":9,"column":0},"end":{"line":9,"column":70}},"5":{"start":{"line":10,"column":0},"end":{"line":10,"column":74}},"6":{"start":{"line":14,"column":16},"end":{"line":14,"column":36}},"7":{"start":{"line":16,"column":19},"end":{"line":16,"column":43}},"8":{"start":{"line":18,"column":18},"end":{"line":24,"column":6}},"9":{"start":{"line":21,"column":10},"end":{"line":21,"column":17}},"10":{"start":{"line":23,"column":6},"end":{"line":23,"column":60}},"11":{"start":{"line":26,"column":23},"end":{"line":26,"column":48}},"12":{"start":{"line":28,"column":4},"end":{"line":28,"column":33}},"13":{"start":{"line":30,"column":4},"end":{"line":30,"column":46}},"14":{"start":{"line":34,"column":23},"end":{"line":34,"column":50}},"15":{"start":{"line":35,"column":16},"end":{"line":35,"column":36}},"16":{"start":{"line":37,"column":25},"end":{"line":37,"column":50}},"17":{"start":{"line":39,"column":28},"end":{"line":40,"column":null}},"18":{"start":{"line":40,"column":39},"end":{"line":40,"column":71}},"19":{"start":{"line":43,"column":20},"end":{"line":78,"column":null}},"20":{"start":{"line":45,"column":22},"end":{"line":74,"column":null}},"21":{"start":{"line":55,"column":14},"end":{"line":60,"column":16}},"22":{"start":{"line":63,"column":29},"end":{"line":63,"column":58}},"23":{"start":{"line":64,"column":30},"end":{"line":64,"column":60}},"24":{"start":{"line":66,"column":12},"end":{"line":73,"column":14}},"25":{"start":{"line":77,"column":8},"end":{"line":77,"column":47}},"26":{"start":{"line":81,"column":4},"end":{"line":81,"column":35}},"27":{"start":{"line":83,"column":4},"end":{"line":83,"column":48}},"28":{"start":{"line":88,"column":4},"end":{"line":88,"column":30}},"29":{"start":{"line":91,"column":23},"end":{"line":91,"column":50}},"30":{"start":{"line":93,"column":19},"end":{"line":93,"column":68}},"31":{"start":{"line":95,"column":4},"end":{"line":95,"column":18}},"32":{"start":{"line":12,"column":0},"end":{"line":12,"column":21}}},"fnMap":{"0":{"name":"(anonymous_8)","decl":{"start":{"line":13,"column":15},"end":{"line":13,"column":25}},"loc":{"start":{"line":13,"column":25},"end":{"line":31,"column":null}}},"1":{"name":"(anonymous_10)","decl":{"start":{"line":18,"column":29},"end":{"line":18,"column":30}},"loc":{"start":{"line":18,"column":41},"end":{"line":24,"column":5}}},"2":{"name":"(anonymous_11)","decl":{"start":{"line":33,"column":15},"end":{"line":33,"column":27}},"loc":{"start":{"line":33,"column":27},"end":{"line":84,"column":null}}},"3":{"name":"(anonymous_13)","decl":{"start":{"line":40,"column":23},"end":{"line":40,"column":24}},"loc":{"start":{"line":40,"column":39},"end":{"line":40,"column":71}}},"4":{"name":"(anonymous_14)","decl":{"start":{"line":44,"column":6},"end":{"line":44,"column":7}},"loc":{"start":{"line":44,"column":45},"end":{"line":78,"column":7}}},"5":{"name":"(anonymous_15)","decl":{"start":{"line":46,"column":10},"end":{"line":46,"column":11}},"loc":{"start":{"line":53,"column":15},"end":{"line":74,"column":11}}},"6":{"name":"instanciarTime","decl":{"start":{"line":54,"column":21},"end":{"line":54,"column":35}},"loc":{"start":{"line":54,"column":53},"end":{"line":61,"column":13}}},"7":{"name":"(anonymous_17)","decl":{"start":{"line":86,"column":15},"end":{"line":86,"column":24}},"loc":{"start":{"line":86,"column":45},"end":{"line":96,"column":null}}}},"branchMap":{},"s":{"0":1,"1":1,"2":1,"3":1,"4":1,"5":1,"6":0,"7":0,"8":0,"9":0,"10":0,"11":0,"12":0,"13":0,"14":0,"15":0,"16":0,"17":0,"18":0,"19":0,"20":0,"21":0,"22":0,"23":0,"24":0,"25":0,"26":0,"27":0,"28":1,"29":1,"30":1,"31":1,"32":1},"f":{"0":0,"1":0,"2":0,"3":0,"4":0,"5":0,"6":0,"7":1},"b":{}}
,"C:\\Users\\Vinicius Queiroz\\projects\\bolao_raro\\src\\services\\usuario-service.ts": {"path":"C:\\Users\\Vinicius Queiroz\\projects\\bolao_raro\\src\\services\\usuario-service.ts","statementMap":{"0":{"start":{"line":1,"column":0},"end":{"line":1,"column":39}},"1":{"start":{"line":3,"column":0},"end":{"line":3,"column":40}},"2":{"start":{"line":4,"column":0},"end":{"line":4,"column":76}},"3":{"start":{"line":5,"column":0},"end":{"line":5,"column":53}},"4":{"start":{"line":16,"column":4},"end":{"line":46,"column":null}},"5":{"start":{"line":17,"column":37},"end":{"line":17,"column":48}},"6":{"start":{"line":19,"column":27},"end":{"line":19,"column":47}},"7":{"start":{"line":21,"column":6},"end":{"line":21,"column":59}},"8":{"start":{"line":21,"column":25},"end":{"line":21,"column":59}},"9":{"start":{"line":22,"column":6},"end":{"line":22,"column":57}},"10":{"start":{"line":22,"column":24},"end":{"line":22,"column":57}},"11":{"start":{"line":23,"column":6},"end":{"line":23,"column":59}},"12":{"start":{"line":23,"column":25},"end":{"line":23,"column":59}},"13":{"start":{"line":25,"column":25},"end":{"line":25,"column":53}},"14":{"start":{"line":27,"column":32},"end":{"line":27,"column":67}},"15":{"start":{"line":29,"column":6},"end":{"line":29,"column":66}},"16":{"start":{"line":29,"column":29},"end":{"line":29,"column":66}},"17":{"start":{"line":31,"column":27},"end":{"line":31,"column":47}},"18":{"start":{"line":33,"column":19},"end":{"line":33,"column":64}},"19":{"start":{"line":35,"column":6},"end":{"line":35,"column":34}},"20":{"start":{"line":37,"column":6},"end":{"line":37,"column":53}},"21":{"start":{"line":39,"column":6},"end":{"line":39,"column":18}},"22":{"start":{"line":41,"column":6},"end":{"line":45,"column":null}},"23":{"start":{"line":42,"column":8},"end":{"line":42,"column":80}},"24":{"start":{"line":44,"column":8},"end":{"line":44,"column":20}},"25":{"start":{"line":51,"column":4},"end":{"line":76,"column":null}},"26":{"start":{"line":52,"column":27},"end":{"line":52,"column":47}},"27":{"start":{"line":54,"column":6},"end":{"line":54,"column":71}},"28":{"start":{"line":54,"column":25},"end":{"line":54,"column":71}},"29":{"start":{"line":56,"column":25},"end":{"line":56,"column":53}},"30":{"start":{"line":58,"column":32},"end":{"line":58,"column":67}},"31":{"start":{"line":60,"column":6},"end":{"line":60,"column":76}},"32":{"start":{"line":60,"column":30},"end":{"line":60,"column":76}},"33":{"start":{"line":62,"column":19},"end":{"line":62,"column":47}},"34":{"start":{"line":63,"column":20},"end":{"line":63,"column":46}},"35":{"start":{"line":65,"column":6},"end":{"line":65,"column":64}},"36":{"start":{"line":65,"column":18},"end":{"line":65,"column":64}},"37":{"start":{"line":67,"column":6},"end":{"line":67,"column":49}},"38":{"start":{"line":69,"column":6},"end":{"line":69,"column":31}},"39":{"start":{"line":71,"column":6},"end":{"line":75,"column":null}},"40":{"start":{"line":72,"column":8},"end":{"line":72,"column":77}},"41":{"start":{"line":74,"column":8},"end":{"line":74,"column":20}},"42":{"start":{"line":81,"column":4},"end":{"line":111,"column":null}},"43":{"start":{"line":82,"column":37},"end":{"line":82,"column":48}},"44":{"start":{"line":84,"column":27},"end":{"line":84,"column":47}},"45":{"start":{"line":86,"column":6},"end":{"line":86,"column":59}},"46":{"start":{"line":86,"column":25},"end":{"line":86,"column":59}},"47":{"start":{"line":87,"column":6},"end":{"line":87,"column":57}},"48":{"start":{"line":87,"column":24},"end":{"line":87,"column":57}},"49":{"start":{"line":88,"column":6},"end":{"line":88,"column":59}},"50":{"start":{"line":88,"column":25},"end":{"line":88,"column":59}},"51":{"start":{"line":90,"column":25},"end":{"line":90,"column":53}},"52":{"start":{"line":92,"column":32},"end":{"line":92,"column":67}},"53":{"start":{"line":94,"column":6},"end":{"line":94,"column":75}},"54":{"start":{"line":94,"column":30},"end":{"line":94,"column":75}},"55":{"start":{"line":96,"column":27},"end":{"line":96,"column":47}},"56":{"start":{"line":98,"column":19},"end":{"line":98,"column":64}},"57":{"start":{"line":100,"column":6},"end":{"line":100,"column":36}},"58":{"start":{"line":102,"column":6},"end":{"line":102,"column":53}},"59":{"start":{"line":104,"column":6},"end":{"line":104,"column":18}},"60":{"start":{"line":106,"column":6},"end":{"line":110,"column":null}},"61":{"start":{"line":107,"column":8},"end":{"line":107,"column":80}},"62":{"start":{"line":109,"column":8},"end":{"line":109,"column":20}},"63":{"start":{"line":115,"column":4},"end":{"line":144,"column":null}},"64":{"start":{"line":116,"column":27},"end":{"line":116,"column":47}},"65":{"start":{"line":118,"column":6},"end":{"line":118,"column":71}},"66":{"start":{"line":118,"column":25},"end":{"line":118,"column":71}},"67":{"start":{"line":120,"column":25},"end":{"line":120,"column":53}},"68":{"start":{"line":122,"column":32},"end":{"line":122,"column":67}},"69":{"start":{"line":124,"column":6},"end":{"line":124,"column":76}},"70":{"start":{"line":124,"column":30},"end":{"line":124,"column":76}},"71":{"start":{"line":126,"column":19},"end":{"line":126,"column":47}},"72":{"start":{"line":127,"column":20},"end":{"line":127,"column":46}},"73":{"start":{"line":129,"column":6},"end":{"line":129,"column":64}},"74":{"start":{"line":129,"column":18},"end":{"line":129,"column":64}},"75":{"start":{"line":131,"column":6},"end":{"line":131,"column":41}},"76":{"start":{"line":133,"column":6},"end":{"line":133,"column":49}},"77":{"start":{"line":135,"column":6},"end":{"line":135,"column":52}},"78":{"start":{"line":137,"column":6},"end":{"line":137,"column":31}},"79":{"start":{"line":139,"column":6},"end":{"line":143,"column":null}},"80":{"start":{"line":140,"column":8},"end":{"line":140,"column":80}},"81":{"start":{"line":142,"column":8},"end":{"line":142,"column":20}},"82":{"start":{"line":13,"column":0},"end":{"line":13,"column":21}}},"fnMap":{"0":{"name":"(anonymous_8)","decl":{"start":{"line":15,"column":15},"end":{"line":15,"column":21}},"loc":{"start":{"line":15,"column":46},"end":{"line":47,"column":null}}},"1":{"name":"(anonymous_10)","decl":{"start":{"line":50,"column":15},"end":{"line":50,"column":20}},"loc":{"start":{"line":50,"column":49},"end":{"line":77,"column":null}}},"2":{"name":"(anonymous_12)","decl":{"start":{"line":80,"column":15},"end":{"line":80,"column":21}},"loc":{"start":{"line":80,"column":46},"end":{"line":112,"column":null}}},"3":{"name":"(anonymous_14)","decl":{"start":{"line":114,"column":15},"end":{"line":114,"column":25}},"loc":{"start":{"line":114,"column":54},"end":{"line":145,"column":null}}}},"branchMap":{"0":{"loc":{"start":{"line":21,"column":6},"end":{"line":21,"column":59}},"type":"if","locations":[{"start":{"line":21,"column":6},"end":{"line":21,"column":59}},{"start":{"line":21,"column":6},"end":{"line":21,"column":59}}]},"1":{"loc":{"start":{"line":22,"column":6},"end":{"line":22,"column":57}},"type":"if","locations":[{"start":{"line":22,"column":6},"end":{"line":22,"column":57}},{"start":{"line":22,"column":6},"end":{"line":22,"column":57}}]},"2":{"loc":{"start":{"line":23,"column":6},"end":{"line":23,"column":59}},"type":"if","locations":[{"start":{"line":23,"column":6},"end":{"line":23,"column":59}},{"start":{"line":23,"column":6},"end":{"line":23,"column":59}}]},"3":{"loc":{"start":{"line":29,"column":6},"end":{"line":29,"column":66}},"type":"if","locations":[{"start":{"line":29,"column":6},"end":{"line":29,"column":66}},{"start":{"line":29,"column":6},"end":{"line":29,"column":66}}]},"4":{"loc":{"start":{"line":41,"column":6},"end":{"line":45,"column":null}},"type":"if","locations":[{"start":{"line":41,"column":6},"end":{"line":45,"column":null}},{"start":{"line":41,"column":6},"end":{"line":45,"column":null}}]},"5":{"loc":{"start":{"line":54,"column":6},"end":{"line":54,"column":71}},"type":"if","locations":[{"start":{"line":54,"column":6},"end":{"line":54,"column":71}},{"start":{"line":54,"column":6},"end":{"line":54,"column":71}}]},"6":{"loc":{"start":{"line":60,"column":6},"end":{"line":60,"column":76}},"type":"if","locations":[{"start":{"line":60,"column":6},"end":{"line":60,"column":76}},{"start":{"line":60,"column":6},"end":{"line":60,"column":76}}]},"7":{"loc":{"start":{"line":65,"column":6},"end":{"line":65,"column":64}},"type":"if","locations":[{"start":{"line":65,"column":6},"end":{"line":65,"column":64}},{"start":{"line":65,"column":6},"end":{"line":65,"column":64}}]},"8":{"loc":{"start":{"line":71,"column":6},"end":{"line":75,"column":null}},"type":"if","locations":[{"start":{"line":71,"column":6},"end":{"line":75,"column":null}},{"start":{"line":71,"column":6},"end":{"line":75,"column":null}}]},"9":{"loc":{"start":{"line":86,"column":6},"end":{"line":86,"column":59}},"type":"if","locations":[{"start":{"line":86,"column":6},"end":{"line":86,"column":59}},{"start":{"line":86,"column":6},"end":{"line":86,"column":59}}]},"10":{"loc":{"start":{"line":87,"column":6},"end":{"line":87,"column":57}},"type":"if","locations":[{"start":{"line":87,"column":6},"end":{"line":87,"column":57}},{"start":{"line":87,"column":6},"end":{"line":87,"column":57}}]},"11":{"loc":{"start":{"line":88,"column":6},"end":{"line":88,"column":59}},"type":"if","locations":[{"start":{"line":88,"column":6},"end":{"line":88,"column":59}},{"start":{"line":88,"column":6},"end":{"line":88,"column":59}}]},"12":{"loc":{"start":{"line":94,"column":6},"end":{"line":94,"column":75}},"type":"if","locations":[{"start":{"line":94,"column":6},"end":{"line":94,"column":75}},{"start":{"line":94,"column":6},"end":{"line":94,"column":75}}]},"13":{"loc":{"start":{"line":106,"column":6},"end":{"line":110,"column":null}},"type":"if","locations":[{"start":{"line":106,"column":6},"end":{"line":110,"column":null}},{"start":{"line":106,"column":6},"end":{"line":110,"column":null}}]},"14":{"loc":{"start":{"line":118,"column":6},"end":{"line":118,"column":71}},"type":"if","locations":[{"start":{"line":118,"column":6},"end":{"line":118,"column":71}},{"start":{"line":118,"column":6},"end":{"line":118,"column":71}}]},"15":{"loc":{"start":{"line":124,"column":6},"end":{"line":124,"column":76}},"type":"if","locations":[{"start":{"line":124,"column":6},"end":{"line":124,"column":76}},{"start":{"line":124,"column":6},"end":{"line":124,"column":76}}]},"16":{"loc":{"start":{"line":129,"column":6},"end":{"line":129,"column":64}},"type":"if","locations":[{"start":{"line":129,"column":6},"end":{"line":129,"column":64}},{"start":{"line":129,"column":6},"end":{"line":129,"column":64}}]},"17":{"loc":{"start":{"line":139,"column":6},"end":{"line":143,"column":null}},"type":"if","locations":[{"start":{"line":139,"column":6},"end":{"line":143,"column":null}},{"start":{"line":139,"column":6},"end":{"line":143,"column":null}}]}},"s":{"0":1,"1":1,"2":1,"3":1,"4":3,"5":3,"6":3,"7":3,"8":1,"9":2,"10":0,"11":2,"12":0,"13":2,"14":2,"15":2,"16":1,"17":1,"18":1,"19":1,"20":1,"21":1,"22":2,"23":2,"24":0,"25":2,"26":2,"27":2,"28":0,"29":2,"30":2,"31":2,"32":1,"33":1,"34":1,"35":1,"36":1,"37":0,"38":0,"39":2,"40":2,"41":0,"42":1,"43":1,"44":1,"45":1,"46":0,"47":1,"48":0,"49":1,"50":0,"51":1,"52":1,"53":1,"54":1,"55":0,"56":0,"57":0,"58":0,"59":0,"60":1,"61":1,"62":0,"63":1,"64":1,"65":1,"66":0,"67":1,"68":1,"69":1,"70":0,"71":1,"72":1,"73":1,"74":0,"75":1,"76":1,"77":1,"78":1,"79":0,"80":0,"81":0,"82":1},"f":{"0":3,"1":2,"2":1,"3":1},"b":{"0":[1,2],"1":[0,2],"2":[0,2],"3":[1,1],"4":[2,0],"5":[0,2],"6":[1,1],"7":[1,0],"8":[2,0],"9":[0,1],"10":[0,1],"11":[0,1],"12":[1,0],"13":[1,0],"14":[0,1],"15":[0,1],"16":[0,1],"17":[0,0]}}
}
