TN:
SF:src\clients\brasileirao.ts
FN:19,(anonymous_8)
FN:23,(anonymous_9)
FN:36,(anonymous_11)
FN:49,(anonymous_13)
FNF:4
FNH:0
FNDA:0,(anonymous_8)
FNDA:0,(anonymous_9)
FNDA:0,(anonymous_11)
FNDA:0,(anonymous_13)
DA:1,1
DA:2,1
DA:10,1
DA:16,1
DA:20,0
DA:24,0
DA:25,0
DA:30,0
DA:32,0
DA:37,0
DA:38,0
DA:43,0
DA:45,0
DA:53,0
DA:54,0
DA:59,0
DA:61,0
LF:17
LH:4
BRDA:23,0,0,0
BRDA:36,1,0,0
BRDA:51,2,0,0
BRF:3
BRH:0
end_of_record
TN:
SF:src\helpers\validateEmail.ts
FN:1,validateEmail
FNF:1
FNH:1
FNDA:7,validateEmail
DA:1,1
DA:3,7
DA:4,7
LF:3
LH:3
BRF:0
BRH:0
end_of_record
TN:
SF:src\models\ApostaJogo.ts
FN:17,(anonymous_0)
FN:29,(anonymous_1)
FN:33,(anonymous_2)
FN:37,(anonymous_3)
FN:48,(anonymous_4)
FNF:5
FNH:0
FNDA:0,(anonymous_0)
FNDA:0,(anonymous_1)
FNDA:0,(anonymous_2)
FNDA:0,(anonymous_3)
FNDA:0,(anonymous_4)
DA:10,1
DA:23,0
DA:24,0
DA:25,0
DA:26,0
DA:30,0
DA:34,0
DA:38,0
DA:49,0
DA:50,0
DA:52,0
DA:53,0
DA:54,0
DA:56,0
DA:57,0
DA:58,0
DA:61,0
DA:63,0
DA:66,0
DA:68,0
DA:70,0
DA:72,0
DA:73,0
DA:75,0
DA:81,0
DA:83,0
DA:84,0
LF:27
LH:1
BRDA:54,0,0,0
BRDA:54,0,1,0
BRDA:58,1,0,0
BRDA:58,1,1,0
BRDA:61,2,0,0
BRDA:61,2,1,0
BRDA:63,3,0,0
BRDA:63,3,1,0
BRDA:66,4,0,0
BRDA:66,4,1,0
BRDA:66,4,2,0
BRDA:68,5,0,0
BRDA:68,5,1,0
BRDA:68,5,2,0
BRDA:72,6,0,0
BRDA:72,6,1,0
BRDA:73,7,0,0
BRDA:73,7,1,0
BRDA:75,8,0,0
BRDA:75,8,1,0
BRDA:76,9,0,0
BRDA:76,9,1,0
BRDA:76,9,2,0
BRDA:76,9,3,0
BRF:24
BRH:0
end_of_record
TN:
SF:src\models\ApostaRodada.ts
FN:10,(anonymous_0)
FN:25,(anonymous_1)
FN:26,(anonymous_2)
FN:29,(anonymous_3)
FN:33,(anonymous_4)
FN:37,(anonymous_5)
FNF:6
FNH:0
FNDA:0,(anonymous_0)
FNDA:0,(anonymous_1)
FNDA:0,(anonymous_2)
FNDA:0,(anonymous_3)
FNDA:0,(anonymous_4)
FNDA:0,(anonymous_5)
DA:5,1
DA:15,0
DA:16,0
DA:17,0
DA:26,0
DA:30,0
DA:34,0
DA:38,0
LF:8
LH:1
BRF:0
BRH:0
end_of_record
TN:
SF:src\models\Jogo.ts
FN:16,(anonymous_0)
FN:35,(anonymous_1)
FN:39,(anonymous_2)
FN:43,(anonymous_3)
FN:47,(anonymous_4)
FN:51,(anonymous_5)
FN:55,(anonymous_6)
FN:59,(anonymous_7)
FN:63,(anonymous_8)
FN:67,(anonymous_9)
FNF:10
FNH:0
FNDA:0,(anonymous_0)
FNDA:0,(anonymous_1)
FNDA:0,(anonymous_2)
FNDA:0,(anonymous_3)
FNDA:0,(anonymous_4)
FNDA:0,(anonymous_5)
FNDA:0,(anonymous_6)
FNDA:0,(anonymous_7)
FNDA:0,(anonymous_8)
FNDA:0,(anonymous_9)
DA:3,2
DA:4,2
DA:24,0
DA:25,0
DA:26,0
DA:27,0
DA:28,0
DA:29,0
DA:30,0
DA:32,0
DA:36,0
DA:40,0
DA:44,0
DA:48,0
DA:52,0
DA:56,0
DA:60,0
DA:64,0
DA:68,0
DA:69,0
DA:71,0
DA:72,0
DA:74,0
LF:23
LH:2
BRF:0
BRH:0
end_of_record
TN:
SF:src\models\Rodada.ts
FN:7,(anonymous_0)
FN:12,(anonymous_1)
FN:16,(anonymous_2)
FN:20,(anonymous_3)
FN:21,(anonymous_4)
FN:24,(anonymous_5)
FN:26,(anonymous_6)
FN:33,(anonymous_7)
FNF:8
FNH:2
FNDA:1,(anonymous_0)
FNDA:0,(anonymous_1)
FNDA:0,(anonymous_2)
FNDA:0,(anonymous_3)
FNDA:0,(anonymous_4)
FNDA:0,(anonymous_5)
FNDA:0,(anonymous_6)
FNDA:1,(anonymous_7)
DA:3,1
DA:8,1
DA:9,1
DA:13,0
DA:17,0
DA:21,0
DA:25,0
DA:26,0
DA:27,0
DA:28,0
DA:29,0
DA:34,1
LF:12
LH:4
BRDA:9,0,0,1
BRDA:9,0,1,1
BRDA:28,1,0,0
BRDA:28,1,1,0
BRF:4
BRH:2
end_of_record
TN:
SF:src\models\Time.ts
FN:7,(anonymous_0)
FN:14,(anonymous_1)
FN:18,(anonymous_2)
FN:22,(anonymous_3)
FN:26,(anonymous_4)
FNF:5
FNH:0
FNDA:0,(anonymous_0)
FNDA:0,(anonymous_1)
FNDA:0,(anonymous_2)
FNDA:0,(anonymous_3)
FNDA:0,(anonymous_4)
DA:1,1
DA:8,0
DA:9,0
DA:10,0
DA:11,0
DA:15,0
DA:19,0
DA:23,0
DA:27,0
LF:9
LH:1
BRF:0
BRH:0
end_of_record
TN:
SF:src\models\Usuario.ts
FN:13,(anonymous_1)
FN:20,(anonymous_2)
FN:21,(anonymous_3)
FN:24,(anonymous_4)
FN:32,(anonymous_5)
FN:36,(anonymous_6)
FN:40,(anonymous_7)
FN:44,(anonymous_8)
FNF:8
FNH:4
FNDA:4,(anonymous_1)
FNDA:0,(anonymous_2)
FNDA:0,(anonymous_3)
FNDA:0,(anonymous_4)
FNDA:0,(anonymous_5)
FNDA:3,(anonymous_6)
FNDA:1,(anonymous_7)
FNDA:1,(anonymous_8)
DA:2,1
DA:3,1
DA:4,1
DA:7,1
DA:14,4
DA:15,4
DA:16,4
DA:17,4
DA:21,0
DA:22,0
DA:23,0
DA:24,0
DA:26,0
DA:29,0
DA:33,0
DA:37,3
DA:41,1
DA:45,1
LF:18
LH:11
BRF:0
BRH:0
end_of_record
TN:
SF:src\repositories\JSONRodadasRepository.ts
FN:22,(anonymous_8)
FN:33,(anonymous_9)
FN:42,(anonymous_11)
FN:57,(anonymous_12)
FN:62,(anonymous_14)
FN:79,(anonymous_15)
FNF:6
FNH:1
FNDA:1,(anonymous_8)
FNDA:0,(anonymous_9)
FNDA:0,(anonymous_11)
FNDA:0,(anonymous_12)
FNDA:0,(anonymous_14)
FNDA:0,(anonymous_15)
DA:1,1
DA:4,1
DA:5,1
DA:7,1
DA:18,1
DA:23,1
DA:25,1
DA:26,1
DA:28,1
DA:34,0
DA:35,0
DA:39,0
DA:41,0
DA:42,0
DA:45,0
DA:46,0
DA:50,0
DA:58,0
DA:59,0
DA:61,0
DA:62,0
DA:65,0
DA:67,0
DA:69,0
DA:70,0
DA:72,0
DA:80,0
DA:81,0
DA:83,0
DA:84,0
DA:86,0
LF:31
LH:9
BRDA:23,0,0,1
BRDA:23,0,1,1
BRDA:45,1,0,0
BRDA:45,1,1,0
BRDA:65,2,0,0
BRDA:65,2,1,0
BRDA:69,3,0,0
BRDA:69,3,1,0
BRDA:83,4,0,0
BRDA:83,4,1,0
BRF:10
BRH:2
end_of_record
TN:
SF:src\repositories\JSONTimesRepository.ts
FN:24,(anonymous_14)
FN:35,(anonymous_15)
FN:42,(anonymous_17)
FN:55,(anonymous_18)
FN:59,(anonymous_20)
FN:75,(anonymous_21)
FN:78,(anonymous_23)
FN:100,(anonymous_24)
FNF:8
FNH:0
FNDA:0,(anonymous_14)
FNDA:0,(anonymous_15)
FNDA:0,(anonymous_17)
FNDA:0,(anonymous_18)
FNDA:0,(anonymous_20)
FNDA:0,(anonymous_21)
FNDA:0,(anonymous_23)
FNDA:0,(anonymous_24)
DA:1,1
DA:3,1
DA:4,1
DA:6,1
DA:21,1
DA:25,0
DA:27,0
DA:28,0
DA:29,0
DA:30,0
DA:36,0
DA:37,0
DA:39,0
DA:41,0
DA:42,0
DA:45,0
DA:46,0
DA:48,0
DA:56,0
DA:57,0
DA:59,0
DA:61,0
DA:63,0
DA:65,0
DA:66,0
DA:68,0
DA:76,0
DA:77,0
DA:78,0
DA:80,0
DA:82,0
DA:84,0
DA:86,0
DA:88,0
DA:89,0
DA:93,0
DA:101,0
DA:102,0
DA:104,0
DA:106,0
DA:108,0
DA:109,0
DA:111,0
LF:43
LH:5
BRDA:25,0,0,0
BRDA:25,0,1,0
BRDA:45,1,0,0
BRDA:45,1,1,0
BRDA:61,2,0,0
BRDA:61,2,1,0
BRDA:65,3,0,0
BRDA:65,3,1,0
BRDA:80,4,0,0
BRDA:80,4,1,0
BRDA:88,5,0,0
BRDA:88,5,1,0
BRDA:108,6,0,0
BRDA:108,6,1,0
BRF:14
BRH:0
end_of_record
TN:
SF:src\repositories\JSONUsuariosRepository.ts
FN:25,(anonymous_8)
FN:37,(anonymous_9)
FN:46,(anonymous_11)
FN:62,(anonymous_12)
FN:66,(anonymous_14)
FN:80,(anonymous_15)
FN:84,(anonymous_17)
FN:105,(anonymous_18)
FN:110,(anonymous_20)
FN:135,(anonymous_21)
FNF:10
FNH:1
FNDA:6,(anonymous_8)
FNDA:0,(anonymous_9)
FNDA:0,(anonymous_11)
FNDA:0,(anonymous_12)
FNDA:0,(anonymous_14)
FNDA:0,(anonymous_15)
FNDA:0,(anonymous_17)
FNDA:0,(anonymous_18)
FNDA:0,(anonymous_20)
FNDA:0,(anonymous_21)
DA:1,1
DA:3,1
DA:4,1
DA:6,1
DA:22,1
DA:26,6
DA:28,6
DA:29,6
DA:30,6
DA:31,6
DA:32,6
DA:38,0
DA:39,0
DA:43,0
DA:45,0
DA:47,0
DA:50,0
DA:51,0
DA:55,0
DA:63,0
DA:64,0
DA:66,0
DA:68,0
DA:70,0
DA:71,0
DA:73,0
DA:81,0
DA:82,0
DA:84,0
DA:86,0
DA:87,0
DA:89,0
DA:91,0
DA:93,0
DA:95,0
DA:96,0
DA:98,0
DA:106,0
DA:107,0
DA:109,0
DA:110,0
DA:113,0
DA:115,0
DA:117,0
DA:119,0
DA:121,0
DA:123,0
DA:124,0
DA:128,0
DA:136,0
DA:137,0
DA:139,0
DA:141,0
DA:143,0
DA:145,0
DA:146,0
DA:148,0
LF:57
LH:11
BRDA:26,0,0,6
BRDA:26,0,1,6
BRDA:50,1,0,0
BRDA:50,1,1,0
BRDA:70,2,0,0
BRDA:70,2,1,0
BRDA:86,3,0,0
BRDA:86,3,1,0
BRDA:95,4,0,0
BRDA:95,4,1,0
BRDA:113,5,0,0
BRDA:113,5,1,0
BRDA:123,6,0,0
BRDA:123,6,1,0
BRDA:145,7,0,0
BRDA:145,7,1,0
BRF:16
BRH:2
end_of_record
TN:
SF:src\services\brasileirao.ts
FN:13,(anonymous_8)
FN:18,(anonymous_10)
FN:33,(anonymous_11)
FN:40,(anonymous_13)
FN:44,(anonymous_14)
FN:46,(anonymous_15)
FN:54,instanciarTime
FN:86,(anonymous_17)
FNF:8
FNH:1
FNDA:0,(anonymous_8)
FNDA:0,(anonymous_10)
FNDA:0,(anonymous_11)
FNDA:0,(anonymous_13)
FNDA:0,(anonymous_14)
FNDA:0,(anonymous_15)
FNDA:0,instanciarTime
FNDA:1,(anonymous_17)
DA:1,1
DA:2,1
DA:3,1
DA:5,1
DA:9,1
DA:10,1
DA:12,1
DA:14,0
DA:16,0
DA:18,0
DA:21,0
DA:23,0
DA:26,0
DA:28,0
DA:30,0
DA:34,0
DA:35,0
DA:37,0
DA:39,0
DA:40,0
DA:43,0
DA:45,0
DA:55,0
DA:63,0
DA:64,0
DA:66,0
DA:77,0
DA:81,0
DA:83,0
DA:88,1
DA:91,1
DA:93,1
DA:95,1
LF:33
LH:11
BRF:0
BRH:0
end_of_record
TN:
SF:src\services\usuario-service.ts
FN:15,(anonymous_8)
FN:50,(anonymous_10)
FN:80,(anonymous_12)
FN:114,(anonymous_14)
FNF:4
FNH:4
FNDA:3,(anonymous_8)
FNDA:2,(anonymous_10)
FNDA:1,(anonymous_12)
FNDA:1,(anonymous_14)
DA:1,1
DA:3,1
DA:4,1
DA:5,1
DA:13,1
DA:16,3
DA:17,3
DA:19,3
DA:21,3
DA:22,2
DA:23,2
DA:25,2
DA:27,2
DA:29,2
DA:31,1
DA:33,1
DA:35,1
DA:37,1
DA:39,1
DA:41,2
DA:42,2
DA:44,0
DA:51,2
DA:52,2
DA:54,2
DA:56,2
DA:58,2
DA:60,2
DA:62,1
DA:63,1
DA:65,1
DA:67,0
DA:69,0
DA:71,2
DA:72,2
DA:74,0
DA:81,1
DA:82,1
DA:84,1
DA:86,1
DA:87,1
DA:88,1
DA:90,1
DA:92,1
DA:94,1
DA:96,0
DA:98,0
DA:100,0
DA:102,0
DA:104,0
DA:106,1
DA:107,1
DA:109,0
DA:115,1
DA:116,1
DA:118,1
DA:120,1
DA:122,1
DA:124,1
DA:126,1
DA:127,1
DA:129,1
DA:131,1
DA:133,1
DA:135,1
DA:137,1
DA:139,0
DA:140,0
DA:142,0
LF:69
LH:56
BRDA:21,0,0,1
BRDA:21,0,1,2
BRDA:22,1,0,0
BRDA:22,1,1,2
BRDA:23,2,0,0
BRDA:23,2,1,2
BRDA:29,3,0,1
BRDA:29,3,1,1
BRDA:41,4,0,2
BRDA:41,4,1,0
BRDA:54,5,0,0
BRDA:54,5,1,2
BRDA:60,6,0,1
BRDA:60,6,1,1
BRDA:65,7,0,1
BRDA:65,7,1,0
BRDA:71,8,0,2
BRDA:71,8,1,0
BRDA:86,9,0,0
BRDA:86,9,1,1
BRDA:87,10,0,0
BRDA:87,10,1,1
BRDA:88,11,0,0
BRDA:88,11,1,1
BRDA:94,12,0,1
BRDA:94,12,1,0
BRDA:106,13,0,1
BRDA:106,13,1,0
BRDA:118,14,0,0
BRDA:118,14,1,1
BRDA:124,15,0,0
BRDA:124,15,1,1
BRDA:129,16,0,0
BRDA:129,16,1,1
BRDA:139,17,0,0
BRDA:139,17,1,0
BRF:36
BRH:20
end_of_record
